<?xml version="1.0" encoding="UTF-8"?>
<robot generator="Robot 3.1.1 (Python 3.7.2 on darwin)" generated="20190315 15:37:21.926" rpa="false">
<suite id="s1" name="Remoteswinglibrary" source="/Users/ervinmac/Downloads/remoteswinglibrary-2.0.3/src/test/robotframework/acceptance/remoteswinglibrary.robot">
<kw name="Set Environment Variable" library="OperatingSystem" type="setup">
<doc>Sets an environment variable to a specified value.</doc>
<arguments>
<arg>CLASSPATH</arg>
<arg>target/test-classes</arg>
</arguments>
<msg timestamp="20190315 15:37:21.982" level="INFO">Environment variable 'CLASSPATH' set to value 'target/test-classes'.</msg>
<status status="PASS" starttime="20190315 15:37:21.982" endtime="20190315 15:37:21.982"></status>
</kw>
<test id="s1-t1" name="None Existing Application start fails before timeout">
<kw name="Run Keyword And Expect Error" library="BuiltIn">
<doc>Runs the keyword and checks that the expected error occurred.</doc>
<arguments>
<arg>*</arg>
<arg>Start Application</arg>
<arg>no-one</arg>
<arg>this command fails immediatly</arg>
<arg>timeout=1</arg>
</arguments>
<kw name="Start Application">
<arguments>
<arg>no-one</arg>
<arg>this command fails immediatly</arg>
<arg>timeout=1</arg>
</arguments>
<msg timestamp="20190315 15:37:21.986" level="FAIL">No keyword with name 'Start Application' found.</msg>
<status status="FAIL" starttime="20190315 15:37:21.986" endtime="20190315 15:37:21.986"></status>
</kw>
<status status="PASS" starttime="20190315 15:37:21.983" endtime="20190315 15:37:21.986"></status>
</kw>
<timeout value="5 seconds"></timeout>
<status status="PASS" starttime="20190315 15:37:21.982" endtime="20190315 15:37:21.987" critical="yes"></status>
</test>
<test id="s1-t2" name="Starting and stopping application with main window">
<kw name="Start Application">
<arguments>
<arg>myapp2</arg>
<arg>java org.robotframework.remoteswinglibrary.MySwingApp</arg>
<arg>timeout=5 seconds</arg>
</arguments>
<msg timestamp="20190315 15:37:21.990" level="FAIL">No keyword with name 'Start Application' found.</msg>
<status status="FAIL" starttime="20190315 15:37:21.990" endtime="20190315 15:37:21.990"></status>
</kw>
<status status="FAIL" starttime="20190315 15:37:21.987" endtime="20190315 15:37:21.990" critical="yes">No keyword with name 'Start Application' found.</status>
</test>
<test id="s1-t3" name="Start application removes the JAVA_TOOL_OPTIONS from enviroment">
<kw name="Set Environment Variable" library="OperatingSystem">
<doc>Sets an environment variable to a specified value.</doc>
<arguments>
<arg>JAVA_TOOL_OPTIONS</arg>
<arg>${EMPTY}</arg>
</arguments>
<msg timestamp="20190315 15:37:21.991" level="INFO">Environment variable 'JAVA_TOOL_OPTIONS' set to value ''.</msg>
<status status="PASS" starttime="20190315 15:37:21.991" endtime="20190315 15:37:21.991"></status>
</kw>
<kw name="Start Application">
<arguments>
<arg>myapp2</arg>
<arg>java org.robotframework.remoteswinglibrary.MySwingApp</arg>
<arg>timeout=5 seconds</arg>
</arguments>
<msg timestamp="20190315 15:37:21.995" level="FAIL">No keyword with name 'Start Application' found.</msg>
<status status="FAIL" starttime="20190315 15:37:21.994" endtime="20190315 15:37:21.995"></status>
</kw>
<status status="FAIL" starttime="20190315 15:37:21.990" endtime="20190315 15:37:21.995" critical="yes">No keyword with name 'Start Application' found.</status>
</test>
<test id="s1-t4" name="Connecting to a started application">
<kw name="Set java tool options">
<msg timestamp="20190315 15:37:22.000" level="FAIL">No keyword with name 'Set java tool options' found.</msg>
<status status="FAIL" starttime="20190315 15:37:22.000" endtime="20190315 15:37:22.000"></status>
</kw>
<status status="FAIL" starttime="20190315 15:37:21.996" endtime="20190315 15:37:22.000" critical="yes">No keyword with name 'Set java tool options' found.</status>
</test>
<test id="s1-t5" name="Connecting to a specific application">
<kw name="Set java tool options">
<msg timestamp="20190315 15:37:22.004" level="FAIL">No keyword with name 'Set java tool options' found.</msg>
<status status="FAIL" starttime="20190315 15:37:22.004" endtime="20190315 15:37:22.004"></status>
</kw>
<timeout value="30 seconds"></timeout>
<status status="FAIL" starttime="20190315 15:37:22.000" endtime="20190315 15:37:22.005" critical="yes">No keyword with name 'Set java tool options' found.</status>
</test>
<test id="s1-t6" name="Connecting to an application and using java agent option">
<kw name="Set Variable" library="BuiltIn">
<doc>Returns the given values which can then be assigned to a variables.</doc>
<arguments>
<arg>-javaagent:"${REMOTESWINGLIBRARYPATH}"\=127.0.0.1:${REMOTESWINGLIBRARYPORT}</arg>
</arguments>
<assign>
<var>${agent}</var>
</assign>
<msg timestamp="20190315 15:37:22.006" level="FAIL">Variable '${REMOTESWINGLIBRARYPATH}' not found.</msg>
<status status="FAIL" starttime="20190315 15:37:22.005" endtime="20190315 15:37:22.006"></status>
</kw>
<timeout value="20 seconds"></timeout>
<status status="FAIL" starttime="20190315 15:37:22.005" endtime="20190315 15:37:22.006" critical="yes">Variable '${REMOTESWINGLIBRARYPATH}' not found.</status>
</test>
<test id="s1-t7" name="Ensure application closing">
<kw name="Start Application">
<arguments>
<arg>myapp</arg>
<arg>java org.robotframework.remoteswinglibrary.MySwingApp</arg>
<arg>timeout=5</arg>
</arguments>
<msg timestamp="20190315 15:37:22.010" level="FAIL">No keyword with name 'Start Application' found.</msg>
<status status="FAIL" starttime="20190315 15:37:22.009" endtime="20190315 15:37:22.010"></status>
</kw>
<status status="FAIL" starttime="20190315 15:37:22.007" endtime="20190315 15:37:22.010" critical="yes">No keyword with name 'Start Application' found.</status>
</test>
<test id="s1-t8" name="Ensure application closing when timeout">
<kw name="Start Application">
<arguments>
<arg>myapp</arg>
<arg>java org.robotframework.remoteswinglibrary.MySwingApp</arg>
<arg>timeout=5 seconds</arg>
</arguments>
<msg timestamp="20190315 15:37:22.013" level="FAIL">No keyword with name 'Start Application' found.</msg>
<status status="FAIL" starttime="20190315 15:37:22.013" endtime="20190315 15:37:22.013"></status>
</kw>
<status status="FAIL" starttime="20190315 15:37:22.010" endtime="20190315 15:37:22.013" critical="yes">No keyword with name 'Start Application' found.</status>
</test>
<test id="s1-t9" name="Unallowed SwingLibrary keywords">
<kw name="Start Application">
<arguments>
<arg>myapp3</arg>
<arg>java org.robotframework.remoteswinglibrary.MySwingApp</arg>
<arg>timeout=5 seconds</arg>
</arguments>
<msg timestamp="20190315 15:37:22.017" level="FAIL">No keyword with name 'Start Application' found.</msg>
<status status="FAIL" starttime="20190315 15:37:22.017" endtime="20190315 15:37:22.017"></status>
</kw>
<kw name="System Exit" type="teardown">
<msg timestamp="20190315 15:37:22.021" level="FAIL">No keyword with name 'System Exit' found.</msg>
<status status="FAIL" starttime="20190315 15:37:22.020" endtime="20190315 15:37:22.021">No keyword with name 'System Exit' found.</status>
</kw>
<status status="FAIL" starttime="20190315 15:37:22.013" endtime="20190315 15:37:22.021" critical="yes">No keyword with name 'Start Application' found.

Also teardown failed:
No keyword with name 'System Exit' found.</status>
</test>
<test id="s1-t10" name="Logging java properties">
<kw name="Start Application">
<arguments>
<arg>mapp</arg>
<arg>java org.robotframework.remoteswinglibrary.MySwingApp</arg>
<arg>timeout=5 seconds</arg>
</arguments>
<msg timestamp="20190315 15:37:22.026" level="FAIL">No keyword with name 'Start Application' found.</msg>
<status status="FAIL" starttime="20190315 15:37:22.026" endtime="20190315 15:37:22.026"></status>
</kw>
<kw name="System Exit" type="teardown">
<msg timestamp="20190315 15:37:22.029" level="FAIL">No keyword with name 'System Exit' found.</msg>
<status status="FAIL" starttime="20190315 15:37:22.029" endtime="20190315 15:37:22.029">No keyword with name 'System Exit' found.</status>
</kw>
<status status="FAIL" starttime="20190315 15:37:22.022" endtime="20190315 15:37:22.029" critical="yes">No keyword with name 'Start Application' found.

Also teardown failed:
No keyword with name 'System Exit' found.</status>
</test>
<status status="FAIL" starttime="20190315 15:37:21.927" endtime="20190315 15:37:22.030"></status>
</suite>
<statistics>
<total>
<stat pass="1" fail="9">Critical Tests</stat>
<stat pass="1" fail="9">All Tests</stat>
</total>
<tag>
</tag>
<suite>
<stat pass="1" fail="9" id="s1" name="Remoteswinglibrary">Remoteswinglibrary</stat>
</suite>
</statistics>
<errors>
<msg timestamp="20190315 15:37:21.959" level="ERROR">Error in file '/Users/ervinmac/Downloads/remoteswinglibrary-2.0.3/src/test/robotframework/acceptance/remoteswinglibrary.robot': Importing test library 'RemoteSwingLibrary' failed: ModuleNotFoundError: No module named 'RemoteSwingLibrary'
Traceback (most recent call last):
  None
PYTHONPATH:
  /Library/Frameworks/Python.framework/Versions/3.7/bin
  /Library/Frameworks/Python.framework/Versions/3.7/lib/python37.zip
  /Library/Frameworks/Python.framework/Versions/3.7/lib/python3.7
  /Library/Frameworks/Python.framework/Versions/3.7/lib/python3.7/lib-dynload
  /Users/ervinmac/Library/Python/3.7/lib/python/site-packages
  /Library/Frameworks/Python.framework/Versions/3.7/lib/python3.7/site-packages</msg>
</errors>
</robot>
