<?xml version="1.0" encoding="UTF-8"?>
<robot generator="Robot 2.8.7 (Jython 2.5.3 on java1.8.0_131)" generated="20190315 15:41:07.911">
<suite source="/Users/ervinmac/Downloads/remoteswinglibrary-2.0.3/src/test/robotframework/acceptance" name="Acceptance" id="s1">
<suite source="/Users/ervinmac/Downloads/remoteswinglibrary-2.0.3/src/test/robotframework/acceptance/remoteswinglibrary.robot" name="Remoteswinglibrary" id="s1-s1">
<kw type="setup" name="OperatingSystem.Set Environment Variable">
<doc>Sets an environment variable to a specified value.</doc>
<arguments>
<arg>CLASSPATH</arg>
<arg>target/test-classes</arg>
</arguments>
<msg level="INFO" timestamp="20190315 15:41:09.710">Environment variable 'CLASSPATH' set to value 'target/test-classes'</msg>
<status endtime="20190315 15:41:09.710" starttime="20190315 15:41:09.707" status="PASS"></status>
</kw>
<test timeout="5 seconds" name="None Existing Application start fails before timeout" id="s1-s1-t1">
<kw type="kw" name="BuiltIn.Run Keyword And Expect Error">
<doc>Runs the keyword and checks that the expected error occurred.</doc>
<arguments>
<arg>*</arg>
<arg>Start Application</arg>
<arg>no-one</arg>
<arg>this command fails immediatly</arg>
<arg>timeout=1</arg>
</arguments>
<kw type="kw" name="RemoteSwingLibrary.Start Application">
<doc>Starts the process in the `command` parameter  on the host operating system.</doc>
<arguments>
<arg>no-one</arg>
<arg>this command fails immediatly</arg>
<arg>timeout=1</arg>
</arguments>
<msg level="DEBUG" timestamp="20190315 15:41:09.721">Test timeout 5 seconds active. 4.991 seconds left.</msg>
<msg level="INFO" html="yes" timestamp="20190315 15:41:09.728">&lt;a href="remote_stdout_1e955abd-aa88-4e6a-ae14-6a4529ac37eb.txt"&gt;Link to stdout&lt;/a&gt;</msg>
<msg level="INFO" html="yes" timestamp="20190315 15:41:09.730">&lt;a href="remote_stderr_562d55de-7534-40e8-af41-90790c5f48d7.txt"&gt;Link to stderr&lt;/a&gt;</msg>
<msg level="DEBUG" timestamp="20190315 15:41:09.732">Picked old JAVA_TOOL_OPTIONS=''</msg>
<msg level="DEBUG" timestamp="20190315 15:41:09.732">Set JAVA_TOOL_OPTIONS='-javaagent:"/Users/ervinmac/Downloads/remoteswinglibrary-2.0.3/target/remoteswinglibrary-2.0.3.jar"=127.0.0.1:50141:DEBUG'</msg>
<msg level="INFO" timestamp="20190315 15:41:09.747">Starting process:
this command fails immediatly</msg>
<msg level="DEBUG" timestamp="20190315 15:41:09.749">Process configuration:
cwd = /Users/ervinmac/Downloads/remoteswinglibrary-2.0.3
stdout_stream = &lt;open file u'/Users/ervinmac/Downloads/remoteswinglibrary-2.0.3/target/robotframework-reports/remote_stdout_1e955abd-aa88-4e6a-ae14-6a4529ac37eb.txt', mode 'w' at 0x3&gt;
stderr_stream = &lt;open file u'/Users/ervinmac/Downloads/remoteswinglibrary-2.0.3/target/robotframework-reports/remote_stderr_562d55de-7534-40e8-af41-90790c5f48d7.txt', mode 'w' at 0x4&gt;
shell = True
alias = no-one
env = None</msg>
<msg level="DEBUG" timestamp="20190315 15:41:09.806">Returned old JAVA_TOOL_OPTIONS=''</msg>
<msg level="INFO" timestamp="20190315 15:41:10.812">Failed to start application: Traceback (most recent call last):
  File "/Users/ervinmac/Downloads/remoteswinglibrary-2.0.3/target/remoteswinglibrary-2.0.3.jar/RemoteSwingLibrary.py", line 295, in start_application
    self._application_started(alias, timeout=timeout, name_contains=name_contains, accept_old=False)
  File "/Users/ervinmac/Downloads/remoteswinglibrary-2.0.3/target/remoteswinglibrary-2.0.3.jar/RemoteSwingLibrary.py", line 321, in _application_started
    url = self._get_agent_address(name_contains, accept_old)
  File "/Users/ervinmac/Downloads/remoteswinglibrary-2.0.3/target/remoteswinglibrary-2.0.3.jar/RemoteSwingLibrary.py", line 342, in _get_agent_address
    raise RemoteSwingLibraryTimeoutError('Agent port not received before timeout')
RemoteSwingLibraryTimeoutError: Agent port not received before timeout
</msg>
<msg level="INFO" timestamp="20190315 15:41:10.815">Waiting for process to complete.</msg>
<msg level="INFO" timestamp="20190315 15:41:10.817">Process completed.</msg>
<msg level="INFO" timestamp="20190315 15:41:10.818">STDOUT: </msg>
<msg level="INFO" timestamp="20190315 15:41:10.820">STDERR: /bin/sh: this: command not found</msg>
<msg level="FAIL" timestamp="20190315 15:41:10.822">RemoteSwingLibraryTimeoutError: Agent port not received before timeout</msg>
<msg level="DEBUG" timestamp="20190315 15:41:10.823">Traceback (most recent call last):
  File "/Users/ervinmac/Downloads/remoteswinglibrary-2.0.3/target/remoteswinglibrary-2.0.3.jar/RemoteSwingLibrary.py", line 470, in run_keyword
    return getattr(self, name)(*arguments, **kwargs)
  File "/Users/ervinmac/Downloads/remoteswinglibrary-2.0.3/target/remoteswinglibrary-2.0.3.jar/RemoteSwingLibrary.py", line 295, in start_application
    self._application_started(alias, timeout=timeout, name_contains=name_contains, accept_old=False)
  File "/Users/ervinmac/Downloads/remoteswinglibrary-2.0.3/target/remoteswinglibrary-2.0.3.jar/RemoteSwingLibrary.py", line 321, in _application_started
    url = self._get_agent_address(name_contains, accept_old)
  File "/Users/ervinmac/Downloads/remoteswinglibrary-2.0.3/target/remoteswinglibrary-2.0.3.jar/RemoteSwingLibrary.py", line 342, in _get_agent_address
    raise RemoteSwingLibraryTimeoutError('Agent port not received before timeout')</msg>
<status endtime="20190315 15:41:10.824" starttime="20190315 15:41:09.719" status="FAIL"></status>
</kw>
<status endtime="20190315 15:41:10.831" starttime="20190315 15:41:09.716" status="PASS"></status>
</kw>
<doc></doc>
<tags>
</tags>
<status critical="yes" endtime="20190315 15:41:10.833" starttime="20190315 15:41:09.711" status="PASS"></status>
</test>
<test name="Starting and stopping application with main window" id="s1-s1-t2">
<kw type="kw" name="RemoteSwingLibrary.Start Application">
<doc>Starts the process in the `command` parameter  on the host operating system.</doc>
<arguments>
<arg>myapp2</arg>
<arg>java org.robotframework.remoteswinglibrary.MySwingApp</arg>
<arg>timeout=5 seconds</arg>
</arguments>
<msg level="INFO" html="yes" timestamp="20190315 15:41:10.843">&lt;a href="remote_stdout_6fda6ea5-9aa8-44e7-8ca3-7d9a9f6315ec.txt"&gt;Link to stdout&lt;/a&gt;</msg>
<msg level="INFO" html="yes" timestamp="20190315 15:41:10.843">&lt;a href="remote_stderr_c8235017-14b2-488b-a5fa-b81656a5730f.txt"&gt;Link to stderr&lt;/a&gt;</msg>
<msg level="DEBUG" timestamp="20190315 15:41:10.844">Picked old JAVA_TOOL_OPTIONS=''</msg>
<msg level="DEBUG" timestamp="20190315 15:41:10.845">Set JAVA_TOOL_OPTIONS='-javaagent:"/Users/ervinmac/Downloads/remoteswinglibrary-2.0.3/target/remoteswinglibrary-2.0.3.jar"=127.0.0.1:50141:DEBUG'</msg>
<msg level="INFO" timestamp="20190315 15:41:10.851">Starting process:
java org.robotframework.remoteswinglibrary.MySwingApp</msg>
<msg level="DEBUG" timestamp="20190315 15:41:10.852">Process configuration:
cwd = /Users/ervinmac/Downloads/remoteswinglibrary-2.0.3
stdout_stream = &lt;open file u'/Users/ervinmac/Downloads/remoteswinglibrary-2.0.3/target/robotframework-reports/remote_stdout_6fda6ea5-9aa8-44e7-8ca3-7d9a9f6315ec.txt', mode 'w' at 0x7&gt;
stderr_stream = &lt;open file u'/Users/ervinmac/Downloads/remoteswinglibrary-2.0.3/target/robotframework-reports/remote_stderr_c8235017-14b2-488b-a5fa-b81656a5730f.txt', mode 'w' at 0x8&gt;
shell = True
alias = myapp2
env = None</msg>
<msg level="DEBUG" timestamp="20190315 15:41:10.866">Returned old JAVA_TOOL_OPTIONS=''</msg>
<msg level="INFO" timestamp="20190315 15:41:15.450">connecting to started application at 127.0.0.1:50142</msg>
<msg level="DEBUG" timestamp="20190315 15:41:15.456">remote swinglibrary instantiated</msg>
<msg level="DEBUG" timestamp="20190315 15:41:15.456">remote services instantiated</msg>
<msg level="DEBUG" timestamp="20190315 15:41:15.457">modifying robot framework namespace</msg>
<msg level="INFO" timestamp="20190315 15:41:19.289">connected to started application at 127.0.0.1:50142</msg>
<msg level="INFO" html="yes" timestamp="20190315 15:41:19.290">&lt;b&gt;Messages by 'RemoteSwingLibrary registration server thread'&lt;/b&gt;</msg>
<msg level="DEBUG" timestamp="20190315 15:41:15.449">Registered java remoteswinglibrary agent "org.robotframework.remoteswinglibrary.MySwingApp" at 127.0.0.1:50142</msg>
<status endtime="20190315 15:41:19.294" starttime="20190315 15:41:10.840" status="PASS"></status>
</kw>
<kw type="kw" name="RemoteSwingLibrary.System Exit">
<doc> Uses the RemoteSwingLibrary java agent to call system exit for the current java application.</doc>
<arguments>
</arguments>
<msg level="INFO" timestamp="20190315 15:41:19.670">Connection died as expected</msg>
<status endtime="20190315 15:41:19.671" starttime="20190315 15:41:19.296" status="PASS"></status>
</kw>
<doc></doc>
<tags>
</tags>
<status critical="yes" endtime="20190315 15:41:19.672" starttime="20190315 15:41:10.835" status="PASS"></status>
</test>
<test name="Start application removes the JAVA_TOOL_OPTIONS from enviroment" id="s1-s1-t3">
<kw type="kw" name="OperatingSystem.Set Environment Variable">
<doc>Sets an environment variable to a specified value.</doc>
<arguments>
<arg>JAVA_TOOL_OPTIONS</arg>
<arg>${EMPTY}</arg>
</arguments>
<msg level="INFO" timestamp="20190315 15:41:19.699">Environment variable 'JAVA_TOOL_OPTIONS' set to value ''</msg>
<status endtime="20190315 15:41:19.700" starttime="20190315 15:41:19.678" status="PASS"></status>
</kw>
<kw type="kw" name="RemoteSwingLibrary.Start Application">
<doc>Starts the process in the `command` parameter  on the host operating system.</doc>
<arguments>
<arg>myapp2</arg>
<arg>java org.robotframework.remoteswinglibrary.MySwingApp</arg>
<arg>timeout=5 seconds</arg>
</arguments>
<msg level="INFO" html="yes" timestamp="20190315 15:41:19.705">&lt;a href="remote_stdout_e560ca18-c75a-4206-a838-bcbb24854504.txt"&gt;Link to stdout&lt;/a&gt;</msg>
<msg level="INFO" html="yes" timestamp="20190315 15:41:19.705">&lt;a href="remote_stderr_a754bb7a-e1c9-4580-ac0c-0d01f6e08f07.txt"&gt;Link to stderr&lt;/a&gt;</msg>
<msg level="DEBUG" timestamp="20190315 15:41:19.706">Picked old JAVA_TOOL_OPTIONS=''</msg>
<msg level="DEBUG" timestamp="20190315 15:41:19.706">Set JAVA_TOOL_OPTIONS='-javaagent:"/Users/ervinmac/Downloads/remoteswinglibrary-2.0.3/target/remoteswinglibrary-2.0.3.jar"=127.0.0.1:50141'</msg>
<msg level="INFO" timestamp="20190315 15:41:19.713">Starting process:
java org.robotframework.remoteswinglibrary.MySwingApp</msg>
<msg level="DEBUG" timestamp="20190315 15:41:19.715">Process configuration:
cwd = /Users/ervinmac/Downloads/remoteswinglibrary-2.0.3
stdout_stream = &lt;open file u'/Users/ervinmac/Downloads/remoteswinglibrary-2.0.3/target/robotframework-reports/remote_stdout_e560ca18-c75a-4206-a838-bcbb24854504.txt', mode 'w' at 0xc&gt;
stderr_stream = &lt;open file u'/Users/ervinmac/Downloads/remoteswinglibrary-2.0.3/target/robotframework-reports/remote_stderr_a754bb7a-e1c9-4580-ac0c-0d01f6e08f07.txt', mode 'w' at 0xd&gt;
shell = True
alias = myapp2
env = None</msg>
<msg level="DEBUG" timestamp="20190315 15:41:19.733">Returned old JAVA_TOOL_OPTIONS=''</msg>
<msg level="INFO" timestamp="20190315 15:41:24.254">connecting to started application at 127.0.0.1:50518</msg>
<msg level="DEBUG" timestamp="20190315 15:41:24.254">remote swinglibrary instantiated</msg>
<msg level="DEBUG" timestamp="20190315 15:41:24.254">remote services instantiated</msg>
<msg level="DEBUG" timestamp="20190315 15:41:24.255">modifying robot framework namespace</msg>
<msg level="INFO" timestamp="20190315 15:41:27.167">connected to started application at 127.0.0.1:50518</msg>
<msg level="INFO" html="yes" timestamp="20190315 15:41:27.168">&lt;b&gt;Messages by 'RemoteSwingLibrary registration server thread'&lt;/b&gt;</msg>
<msg level="DEBUG" timestamp="20190315 15:41:24.253">Registered java remoteswinglibrary agent "org.robotframework.remoteswinglibrary.MySwingApp" at 127.0.0.1:50518</msg>
<status endtime="20190315 15:41:27.169" starttime="20190315 15:41:19.701" status="PASS"></status>
</kw>
<kw type="kw" name="BuiltIn.Should Be Equal">
<doc>Fails if the given objects are unequal.</doc>
<arguments>
<arg>%{JAVA_TOOL_OPTIONS}</arg>
<arg>${EMPTY}</arg>
</arguments>
<msg level="INFO" timestamp="20190315 15:41:27.173">Argument types are:
&lt;type 'unicode'&gt;
&lt;type 'str'&gt;</msg>
<status endtime="20190315 15:41:27.174" starttime="20190315 15:41:27.171" status="PASS"></status>
</kw>
<kw type="kw" name="RemoteSwingLibrary.System Exit">
<doc> Uses the RemoteSwingLibrary java agent to call system exit for the current java application.</doc>
<arguments>
</arguments>
<msg level="INFO" timestamp="20190315 15:41:27.560">Connection died as expected</msg>
<status endtime="20190315 15:41:27.562" starttime="20190315 15:41:27.174" status="PASS"></status>
</kw>
<doc></doc>
<tags>
</tags>
<status critical="yes" endtime="20190315 15:41:27.563" starttime="20190315 15:41:19.674" status="PASS"></status>
</test>
<test name="Connecting to a started application" id="s1-s1-t4">
<kw type="kw" name="RemoteSwingLibrary.Set Java Tool Options">
<doc>Sets the JAVA_TOOL_OPTIONS to include RemoteSwingLibrary Agent.</doc>
<arguments>
</arguments>
<msg level="DEBUG" timestamp="20190315 15:41:27.573">Set JAVA_TOOL_OPTIONS='-javaagent:"/Users/ervinmac/Downloads/remoteswinglibrary-2.0.3/target/remoteswinglibrary-2.0.3.jar"=127.0.0.1:50141'</msg>
<status endtime="20190315 15:41:27.573" starttime="20190315 15:41:27.571" status="PASS"></status>
</kw>
<kw type="kw" name="${handle} = Process.Start Process">
<doc>Starts a new process on background.</doc>
<arguments>
<arg>java org.robotframework.remoteswinglibrary.MySwingApp</arg>
<arg>shell=True</arg>
</arguments>
<msg level="INFO" timestamp="20190315 15:41:27.579">Starting process:
java org.robotframework.remoteswinglibrary.MySwingApp</msg>
<msg level="DEBUG" timestamp="20190315 15:41:27.580">Process configuration:
cwd = /Users/ervinmac/Downloads/remoteswinglibrary-2.0.3
stdout_stream = -1
stderr_stream = -1
shell = True
alias = None
env = None</msg>
<msg level="INFO" timestamp="20190315 15:41:27.594">${handle} = 1</msg>
<status endtime="20190315 15:41:27.593" starttime="20190315 15:41:27.574" status="PASS"></status>
</kw>
<kw type="kw" name="RemoteSwingLibrary.Application Started">
<doc>Detects new RemoteSwingLibrary Java-agents in applications that are started without</doc>
<arguments>
<arg>myjava</arg>
</arguments>
<msg level="INFO" timestamp="20190315 15:41:32.290">connecting to started application at 127.0.0.1:50894</msg>
<msg level="DEBUG" timestamp="20190315 15:41:32.290">remote swinglibrary instantiated</msg>
<msg level="DEBUG" timestamp="20190315 15:41:32.291">remote services instantiated</msg>
<msg level="DEBUG" timestamp="20190315 15:41:32.291">modifying robot framework namespace</msg>
<msg level="INFO" timestamp="20190315 15:41:34.950">connected to started application at 127.0.0.1:50894</msg>
<msg level="INFO" html="yes" timestamp="20190315 15:41:34.952">&lt;b&gt;Messages by 'RemoteSwingLibrary registration server thread'&lt;/b&gt;</msg>
<msg level="DEBUG" timestamp="20190315 15:41:32.289">Registered java remoteswinglibrary agent "org.robotframework.remoteswinglibrary.MySwingApp" at 127.0.0.1:50894</msg>
<status endtime="20190315 15:41:34.953" starttime="20190315 15:41:27.595" status="PASS"></status>
</kw>
<kw type="kw" name="Exit and check process">
<doc></doc>
<arguments>
<arg>${handle}</arg>
<arg>myjava</arg>
</arguments>
<kw type="kw" name="RemoteSwingLibrary.Switch To Application">
<doc>Switches between applications that are known to RemoteSwingLibrary.</doc>
<arguments>
<arg>${alias}</arg>
</arguments>
<status endtime="20190315 15:41:34.971" starttime="20190315 15:41:34.970" status="PASS"></status>
</kw>
<kw type="kw" name="Process.Process Should Be Running">
<doc>Verifies that the process is running.</doc>
<arguments>
<arg>${handler}</arg>
</arguments>
<status endtime="20190315 15:41:34.974" starttime="20190315 15:41:34.972" status="PASS"></status>
</kw>
<kw type="kw" name="RemoteSwingLibrary.System Exit">
<doc> Uses the RemoteSwingLibrary java agent to call system exit for the current java application.</doc>
<arguments>
</arguments>
<msg level="INFO" timestamp="20190315 15:41:35.367">Connection died as expected</msg>
<status endtime="20190315 15:41:35.369" starttime="20190315 15:41:34.975" status="PASS"></status>
</kw>
<kw type="kw" name="BuiltIn